0 info it worked if it ends with ok
1 verbose cli [ '/usr/bin/node', '/usr/bin/npm', 'install', 'forever', '-g' ]
2 info using npm@1.3.24
3 info using node@v0.10.25
4 verbose node symlink /usr/bin/node
5 verbose cache add [ 'forever', null ]
6 verbose cache add name=undefined spec="forever" args=["forever",null]
7 verbose parsed url { protocol: null,
7 verbose parsed url   slashes: null,
7 verbose parsed url   auth: null,
7 verbose parsed url   host: null,
7 verbose parsed url   port: null,
7 verbose parsed url   hostname: null,
7 verbose parsed url   hash: null,
7 verbose parsed url   search: null,
7 verbose parsed url   query: null,
7 verbose parsed url   pathname: 'forever',
7 verbose parsed url   path: 'forever',
7 verbose parsed url   href: 'forever' }
8 silly lockFile e07f8c4a-forever forever
9 verbose lock forever /home/riouallon/.npm/e07f8c4a-forever.lock
10 silly lockFile e07f8c4a-forever forever
11 silly lockFile e07f8c4a-forever forever
12 verbose addNamed [ 'forever', '' ]
13 verbose addNamed [ null, '*' ]
14 silly lockFile 28ef027b-forever forever@
15 verbose lock forever@ /home/riouallon/.npm/28ef027b-forever.lock
16 silly addNameRange { name: 'forever', range: '*', hasData: false }
17 verbose url raw forever
18 verbose url resolving [ 'https://registry.npmjs.org/', './forever' ]
19 verbose url resolved https://registry.npmjs.org/forever
20 info trying registry request attempt 1 at 17:25:24
21 verbose etag "4QI3TNMTRI7EIIIT2XEZM53KW"
22 http GET https://registry.npmjs.org/forever
23 http 304 https://registry.npmjs.org/forever
24 silly registry.get cb [ 304,
24 silly registry.get   { date: 'Tue, 11 Mar 2014 16:25:29 GMT',
24 silly registry.get     server: 'Apache',
24 silly registry.get     via: '1.1 varnish',
24 silly registry.get     'last-modified': 'Tue, 11 Mar 2014 16:25:29 GMT',
24 silly registry.get     'cache-control': 'max-age=1',
24 silly registry.get     etag: '"4QI3TNMTRI7EIIIT2XEZM53KW"',
24 silly registry.get     'x-served-by': 'cache-lcy1129-LCY',
24 silly registry.get     'x-cache': 'MISS',
24 silly registry.get     'x-cache-hits': '0',
24 silly registry.get     'x-timer': 'S1394555129.830883980,VS0,VE169',
24 silly registry.get     vary: 'Accept',
24 silly registry.get     'content-length': '0',
24 silly registry.get     'keep-alive': 'timeout=10, max=50',
24 silly registry.get     connection: 'Keep-Alive' } ]
25 verbose etag forever from cache
26 silly addNameRange number 2 { name: 'forever', range: '*', hasData: true }
27 silly addNameRange versions [ 'forever',
27 silly addNameRange   [ '0.6.0',
27 silly addNameRange     '0.6.1',
27 silly addNameRange     '0.6.2',
27 silly addNameRange     '0.6.3',
27 silly addNameRange     '0.6.4',
27 silly addNameRange     '0.6.5',
27 silly addNameRange     '0.6.6',
27 silly addNameRange     '0.6.7',
27 silly addNameRange     '0.6.8',
27 silly addNameRange     '0.6.9',
27 silly addNameRange     '0.7.0',
27 silly addNameRange     '0.7.1',
27 silly addNameRange     '0.7.2',
27 silly addNameRange     '0.7.3',
27 silly addNameRange     '0.7.4',
27 silly addNameRange     '0.7.5',
27 silly addNameRange     '0.8.0',
27 silly addNameRange     '0.8.1',
27 silly addNameRange     '0.8.2',
27 silly addNameRange     '0.8.3',
27 silly addNameRange     '0.8.4',
27 silly addNameRange     '0.8.5',
27 silly addNameRange     '0.9.0',
27 silly addNameRange     '0.9.1',
27 silly addNameRange     '0.9.2',
27 silly addNameRange     '0.10.0',
27 silly addNameRange     '0.10.5',
27 silly addNameRange     '0.10.6',
27 silly addNameRange     '0.10.7',
27 silly addNameRange     '0.10.8',
27 silly addNameRange     '0.10.9',
27 silly addNameRange     '0.10.10',
27 silly addNameRange     '0.10.11' ] ]
28 verbose addNamed [ 'forever', '0.10.11' ]
29 verbose addNamed [ '0.10.11', '0.10.11' ]
30 silly lockFile 298f13d4-forever-0-10-11 forever@0.10.11
31 verbose lock forever@0.10.11 /home/riouallon/.npm/298f13d4-forever-0-10-11.lock
32 silly lockFile 298f13d4-forever-0-10-11 forever@0.10.11
33 silly lockFile 298f13d4-forever-0-10-11 forever@0.10.11
34 silly lockFile 28ef027b-forever forever@
35 silly lockFile 28ef027b-forever forever@
36 silly resolved [ { name: 'forever',
36 silly resolved     preferGlobal: 'true',
36 silly resolved     description: 'A simple CLI tool for ensuring that a given node script runs continuously (i.e. forever)',
36 silly resolved     version: '0.10.11',
36 silly resolved     author: { name: 'Nodejitsu Inc.', email: 'info@nodejitsu.com' },
36 silly resolved     maintainers: [ [Object], [Object], [Object] ],
36 silly resolved     repository: { type: 'git', url: 'http://github.com/nodejitsu/forever.git' },
36 silly resolved     keywords: [ 'cli', 'fault tolerant', 'sysadmin', 'tools' ],
36 silly resolved     dependencies:
36 silly resolved      { colors: '~0.6.2',
36 silly resolved        cliff: '0.1.8',
36 silly resolved        flatiron: '~0.3.11',
36 silly resolved        'forever-monitor': '1.2.3',
36 silly resolved        nconf: '~0.6.9',
36 silly resolved        nssocket: '~0.5.1',
36 silly resolved        optimist: '~0.6.0',
36 silly resolved        pkginfo: '0.3.0',
36 silly resolved        timespan: '~2.3.0',
36 silly resolved        watch: '~0.8.0',
36 silly resolved        utile: '~0.2.1',
36 silly resolved        winston: '~0.7.2' },
36 silly resolved     devDependencies:
36 silly resolved      { broadway: '0.2.x',
36 silly resolved        eventemitter2: '0.4.x',
36 silly resolved        request: '2.x.x',
36 silly resolved        vows: '0.7.x' },
36 silly resolved     bin: { forever: './bin/forever', foreverd: './bin/foreverd' },
36 silly resolved     main: './lib/forever',
36 silly resolved     scripts: { test: 'vows test/**/*-test.js --spec -i' },
36 silly resolved     engines: { node: '>= 0.8.x' },
36 silly resolved     readme: '# forever [![Build Status](https://secure.travis-ci.org/nodejitsu/forever.png)](http://travis-ci.org/nodejitsu/forever)\n\nA simple CLI tool for ensuring that a given script runs continuously (i.e. forever).\n\n## Installation\n\n``` bash\n  $ [sudo] npm install forever -g\n```\n\n**Note:** If you are using forever _programatically_ you should install [forever-monitor][0].\n\n``` bash\n  $ cd /path/to/your/project\n  $ [sudo] npm install forever-monitor\n```\n\n## Usage\nThere are two distinct ways to use forever: through the command line interface, or by requiring the forever module in your own code. **Note:** If you are using forever _programatically_ you should install [forever-monitor][0].\n\n### Using forever from the command line\nYou can use forever to run any kind of script continuously (whether it is written in node.js or not). The usage options are simple:\n\n```\n  $ forever --help\n  usage: forever [action] [options] SCRIPT [script-options]\n\n  Monitors the script specified in the current process or as a daemon\n\n  actions:\n    start               Start SCRIPT as a daemon\n    stop                Stop the daemon SCRIPT\n    stopall             Stop all running forever scripts\n    restart             Restart the daemon SCRIPT\n    restartall          Restart all running forever scripts\n    list                List all running forever scripts\n    config              Lists all forever user configuration\n    set <key> <val>     Sets the specified forever config <key>\n    clear <key>         Clears the specified forever config <key>\n    logs                Lists log files for all forever processes\n    logs <script|index> Tails the logs for <script|index>\n    columns add <col>   Adds the specified column to the output in `forever list`\n    columns rm <col>    Removed the specified column from the output in `forever list`\n    columns set <cols>  Set all columns for the output in `forever list`\n    cleanlogs           [CAREFUL] Deletes all historical forever log files\n\n  options:\n    -m  MAX          Only run the specified script MAX times\n    -l  LOGFILE      Logs the forever output to LOGFILE\n    -o  OUTFILE      Logs stdout from child script to OUTFILE\n    -e  ERRFILE      Logs stderr from child script to ERRFILE\n    -p  PATH         Base path for all forever related files (pid files, etc.)\n    -c  COMMAND      COMMAND to execute (defaults to node)\n    -a, --append     Append logs\n    -f, --fifo       Stream logs to stdout\n    -n, --number     Number of log lines to print\n    --pidFile        The pid file\n    --sourceDir      The source directory for which SCRIPT is relative to\n    --minUptime      Minimum uptime (millis) for a script to not be considered "spinning"\n    --spinSleepTime  Time to wait (millis) between launches of a spinning script.\n    --colors         --no-colors will disable output coloring\n    --plain          Disable command line colors\n    -d, --debug      Forces forever to log debug output\n    -v, --verbose    Turns on the verbose messages from Forever\n    -s, --silent     Run the child script silencing stdout and stderr\n    -w, --watch      Watch for file changes\n    --watchDirectory Top-level directory to watch from\n    --watchIgnore    To ignore pattern when watch is enabled (multiple option is allowed)\n    --killSignal     Support exit signal customization (default is SIGKILL), \n                     used for restarting script gracefully eg. --killSignal=SIGTERM\n    -h, --help       You\'re staring at it\n\n  [Long Running Process]\n    The forever process will continue to run outputting log messages to the console.\n    ex. forever -o out.log -e err.log my-script.js\n\n  [Daemon]\n    The forever process will run as a daemon which will make the target process start\n    in the background. This is extremely useful for remote starting simple node.js scripts\n    without using nohup. It is recommended to run start with -o -l, & -e.\n    ex. forever start -l forever.log -o out.log -e err.log my-daemon.js\n        forever stop my-daemon.js\n```\n\nThere are [several examples][1] designed to test the fault tolerance of forever. Here\'s a simple usage example:\n\n``` bash\n  $ forever -m 5 examples/error-on-timer.js\n```\n\n## Using forever module from node.js\nIn addition to using a Forever object, the forever module also exposes some useful methods. Each method returns an instance of an EventEmitter which emits when complete. See the [forever cli commands][2] for sample usage.\n\n**Remark:** As of `forever@0.6.0` processes will not automatically be available in `forever.list()`. In order to get your processes into `forever.list()` or `forever list` you must instantiate the `forever` socket server:\n\n``` js\n  forever.startServer(child);\n```\n\n### forever.load (config)\n_Synchronously_ sets the specified configuration (config) for the forever module. There are two important options:\n\n* root:    Directory to put all default forever log files\n* pidPath: Directory to put all forever *.pid files\n\n### forever.start (file, options)\nStarts a script with forever.\n\n### forever.startDaemon (file, options)\nStarts a script with forever as a daemon. WARNING: Will daemonize the current process.\n\n### forever.stop (index)\nStops the forever daemon script at the specified index. These indices are the same as those returned by forever.list(). This method returns an EventEmitter that raises the \'stop\' event when complete.\n\n### forever.stopAll (format)\nStops all forever scripts currently running. This method returns an EventEmitter that raises the \'stopAll\' event when complete.\n\n### forever.list (format, callback)\nReturns a list of metadata objects about each process that is being run using forever. This method is synchronous and will return the list of metadata as such. Only processes which have invoked `forever.startServer()` will be available from `forever.list()`\n\n### forever.tail (target, options, callback)\nResponds with the logs from the target script(s) from `tail`. There are two important options:\n\n* `length` (numeric): is is used as the `-n` parameter to `tail`.\n* `stream` (boolean): is is used as the `-f` parameter to `tail`.\n\n### forever.cleanUp ()\nCleans up any extraneous forever *.pid files that are on the target system. This method returns an EventEmitter that raises the \'cleanUp\' event when complete.\n\n### forever.cleanLogsSync (processes)\nRemoves all log files from the root forever directory that do not belong to current running forever processes.\n\n## Run Tests\n\n``` bash\n  $ npm test\n```\n\n#### License: MIT\n#### Author: [Charlie Robbins](http://github.com/indexzero)\n#### Contributors: [Fedor Indutny](http://github.com/indutny), [James Halliday](http://substack.net/), [Charlie McConnell](http://github.com/avianflu), [Maciej Malecki](http://github.com/mmalecki), [John Lancaster](http://jlank.com)\n\n[0]: http://github.com/nodejitsu/forever-monitor\n[1]: http://github.com/nodejitsu/forever-monitor/tree/master/examples\n[2]: https://github.com/nodejitsu/forever/blob/master/lib/forever/cli.js\n',
36 silly resolved     readmeFilename: 'README.md',
36 silly resolved     bugs: { url: 'https://github.com/nodejitsu/forever/issues' },
36 silly resolved     homepage: 'https://github.com/nodejitsu/forever',
36 silly resolved     _id: 'forever@0.10.11',
36 silly resolved     _from: 'forever@' } ]
37 info install forever@0.10.11 into /usr/lib
38 info installOne forever@0.10.11
39 info /usr/lib/node_modules/forever unbuild
40 verbose tar unpack /home/riouallon/.npm/forever/0.10.11/package.tgz
41 silly lockFile b3dddd35-tar-usr-lib-node-modules-forever tar:///usr/lib/node_modules/forever
42 verbose lock tar:///usr/lib/node_modules/forever /home/riouallon/.npm/b3dddd35-tar-usr-lib-node-modules-forever.lock
43 silly lockFile d248d805--npm-forever-0-10-11-package-tgz tar:///home/riouallon/.npm/forever/0.10.11/package.tgz
44 verbose lock tar:///home/riouallon/.npm/forever/0.10.11/package.tgz /home/riouallon/.npm/d248d805--npm-forever-0-10-11-package-tgz.lock
45 silly gunzTarPerm modes [ '755', '644' ]
46 error Error: EACCES, mkdir '/usr/lib/node_modules/forever'
46 error  { [Error: EACCES, mkdir '/usr/lib/node_modules/forever']
46 error   errno: 3,
46 error   code: 'EACCES',
46 error   path: '/usr/lib/node_modules/forever',
46 error   fstream_type: 'Directory',
46 error   fstream_path: '/usr/lib/node_modules/forever',
46 error   fstream_class: 'DirWriter',
46 error   fstream_stack:
46 error    [ '/usr/lib/node_modules/npm/node_modules/fstream/lib/dir-writer.js:36:23',
46 error      '/usr/lib/node_modules/npm/node_modules/mkdirp/index.js:37:53',
46 error      'Object.oncomplete (fs.js:107:15)' ] }
47 error Please try running this command again as root/Administrator.
48 error System Linux 3.11.0-17-generic
49 error command "/usr/bin/node" "/usr/bin/npm" "install" "forever" "-g"
50 error cwd /media/riouallon/46E89BAAE89B9731/wamp/www/portefolio/version2
51 error node -v v0.10.25
52 error npm -v 1.3.24
53 error path /usr/lib/node_modules/forever
54 error fstream_path /usr/lib/node_modules/forever
55 error fstream_type Directory
56 error fstream_class DirWriter
57 error code EACCES
58 error errno 3
59 error stack Error: EACCES, mkdir '/usr/lib/node_modules/forever'
60 error fstream_stack /usr/lib/node_modules/npm/node_modules/fstream/lib/dir-writer.js:36:23
60 error fstream_stack /usr/lib/node_modules/npm/node_modules/mkdirp/index.js:37:53
60 error fstream_stack Object.oncomplete (fs.js:107:15)
61 verbose exit [ 3, true ]
